[0.408s] Invoking command in '/home/devam03/ros2_swarm_ws/build/turtle_formation': PYTHONPATH=/home/devam03/ros2_swarm_ws/build/turtle_formation/prefix_override:/usr/lib/python3/dist-packages/colcon_core/task/python/colcon_distutils_commands:/home/devam03/ros2_swarm_ws/install/turtle_formation/lib/python3.10/site-packages:${PYTHONPATH} /usr/bin/python3 -W ignore:setup.py install is deprecated -W ignore:easy_install command is deprecated setup.py develop --editable --build-directory /home/devam03/ros2_swarm_ws/build/turtle_formation/build --no-deps symlink_data
[0.583s] running develop
[0.671s] running egg_info
[0.671s] creating turtle_formation.egg-info
[0.671s] writing turtle_formation.egg-info/PKG-INFO
[0.671s] writing dependency_links to turtle_formation.egg-info/dependency_links.txt
[0.672s] writing entry points to turtle_formation.egg-info/entry_points.txt
[0.672s] writing requirements to turtle_formation.egg-info/requires.txt
[0.672s] writing top-level names to turtle_formation.egg-info/top_level.txt
[0.672s] writing manifest file 'turtle_formation.egg-info/SOURCES.txt'
[0.674s] reading manifest file 'turtle_formation.egg-info/SOURCES.txt'
[0.674s] writing manifest file 'turtle_formation.egg-info/SOURCES.txt'
[0.675s] running build_ext
[0.675s] Creating /home/devam03/ros2_swarm_ws/install/turtle_formation/lib/python3.10/site-packages/turtle-formation.egg-link (link to .)
[0.676s] Installing predator_swarm script to /home/devam03/ros2_swarm_ws/install/turtle_formation/lib/turtle_formation
[0.676s] Installing prey_node script to /home/devam03/ros2_swarm_ws/install/turtle_formation/lib/turtle_formation
[0.676s] Installing spawn_turtles script to /home/devam03/ros2_swarm_ws/install/turtle_formation/lib/turtle_formation
[0.677s] 
[0.677s] Installed /home/devam03/ros2_swarm_ws/build/turtle_formation
[0.677s] running symlink_data
[0.677s] creating /home/devam03/ros2_swarm_ws/install/turtle_formation/share/ament_index
[0.677s] creating /home/devam03/ros2_swarm_ws/install/turtle_formation/share/ament_index/resource_index
[0.677s] creating /home/devam03/ros2_swarm_ws/install/turtle_formation/share/ament_index/resource_index/packages
[0.677s] symbolically linking /home/devam03/ros2_swarm_ws/build/turtle_formation/resource/turtle_formation -> /home/devam03/ros2_swarm_ws/install/turtle_formation/share/ament_index/resource_index/packages
[0.677s] symbolically linking /home/devam03/ros2_swarm_ws/build/turtle_formation/package.xml -> /home/devam03/ros2_swarm_ws/install/turtle_formation/share/turtle_formation
[0.677s] creating /home/devam03/ros2_swarm_ws/install/turtle_formation/share/turtle_formation/launch
[0.677s] symbolically linking /home/devam03/ros2_swarm_ws/build/turtle_formation/launch/swarm_predator_prey.launch.py -> /home/devam03/ros2_swarm_ws/install/turtle_formation/share/turtle_formation/launch
[0.702s] Invoked command in '/home/devam03/ros2_swarm_ws/build/turtle_formation' returned '0': PYTHONPATH=/home/devam03/ros2_swarm_ws/build/turtle_formation/prefix_override:/usr/lib/python3/dist-packages/colcon_core/task/python/colcon_distutils_commands:/home/devam03/ros2_swarm_ws/install/turtle_formation/lib/python3.10/site-packages:${PYTHONPATH} /usr/bin/python3 -W ignore:setup.py install is deprecated -W ignore:easy_install command is deprecated setup.py develop --editable --build-directory /home/devam03/ros2_swarm_ws/build/turtle_formation/build --no-deps symlink_data
